info it worked if it ends with ok
verbose cli [ '/usr/bin/nodejs', '/usr/bin/npm', 'install' ]
info using npm@1.1.4
info using node@v0.6.19
verbose config file /home/karim/.npmrc
verbose config file /usr/etc/npmrc
verbose config file /usr/share/npm/npmrc
ERR! Couldn't read dependencies.
ERR! Error: ENOENT, open '/home/karim/Downloads/ripple-client-gtk-master/Ripple-Client-Gtk/package.json'
ERR! You may report this log at:
ERR!     <http://bugs.debian.org/npm>
ERR! or use
ERR!     reportbug --attach /home/karim/Downloads/ripple-client-gtk-master/Ripple-Client-Gtk/npm-debug.log npm
ERR! 
ERR! System Linux 3.8.0-25-generic
ERR! command "/usr/bin/nodejs" "/usr/bin/npm" "install"
ERR! cwd /home/karim/Downloads/ripple-client-gtk-master/Ripple-Client-Gtk
ERR! node -v v0.6.19
ERR! npm -v 1.1.4
ERR! path /home/karim/Downloads/ripple-client-gtk-master/Ripple-Client-Gtk/package.json
ERR! code ENOENT
ERR! message ENOENT, open '/home/karim/Downloads/ripple-client-gtk-master/Ripple-Client-Gtk/package.json'
ERR! errno {}
verbose exit [ 1, true ]
